{"name": "test_VerifycontinuePages", "status": "broken", "statusDetails": {"message": "selenium.common.exceptions.TimeoutException: Message: \nStacktrace:\nNoSuchElementError: An element could not be located on the page using the given search parameters.\n    at XCUITestDriver.doNativeFind (/usr/local/lib/node_modules/appium/node_modules/appium-xcuitest-driver/lib/commands/find.js:130:11)\n    at runMicrotasks (<anonymous>)\n    at processTicksAndRejections (node:internal/process/task_queues:96:5)\n    at XCUITestDriver.findNativeElementOrElements (/usr/local/lib/node_modules/appium/node_modules/appium-xcuitest-driver/lib/commands/find.js:90:10)\n    at XCUITestDriver.findElOrEls (/usr/local/lib/node_modules/appium/node_modules/appium-xcuitest-driver/lib/commands/find.js:23:12)\n    at XCUITestDriver.findElOrElsWithProcessing (/usr/local/lib/node_modules/appium/node_modules/appium-base-driver/lib/basedriver/commands/find.js:33:12)\n    at XCUITestDriver.findElement (/usr/local/lib/node_modules/appium/node_modules/appium-base-driver/lib/basedriver/commands/find.js:53:10)", "trace": "self = <test_VerifyOnboardingPages.Test_001_VerifyStartingPages object at 0x10c59caf0>\nsetup = <appium.webdriver.webdriver.WebDriver (session=\"a20b1cb3-0650-4be8-9ce9-91005c597432\")>, os = 'iOS'\n\n    @allure.step\n    def test_VerifycontinuePages(self, setup , os):\n    \n        self.logger.info(\"**** Test case ID 001 VerifyStartingPages Testcase started****\")\n        print(\"**** Test case ID 001 VerifyStartingPages Testcase started****\")\n    \n        #Create object for classes\n        self.driver = setup\n        self.Excel = ReadExcelFile()\n    \n        if os == \"iOS\":\n            self.Hithere = iOS_HiThere_ContinuePages()\n            self.commonMethod = iOS_CommonMethods()\n            print(\"Testcase Run on iOS\")\n    \n        elif os == \"android\":\n            self.Hithere = HiThere_ContinuePages()\n            self.commonMethod = CommonMethods()\n            print(\"Testcase Run on android\")\n    \n    \n        #Reading excelSheet\n        Address, Name = self.Excel.readExcelData(self.driver,TestCaseName)\n    \n        #Verify Hi There! Text\n        time.sleep(10)\n        Actual_Result = self.Hithere.GetText_HiThere(self.driver)\n        Expected_Result = \"Hi there!\"\n        self.commonMethod.TryExpectBlockfor_TextMatch(self.driver, Actual_Result, Expected_Result)\n    \n        #verify Bike ride element is displayed\n        Element = self.Hithere.IsDisplayed_BikeRideText(self.driver)\n        Message = \"Verify Bike ride Text \"\n        self.commonMethod.TryExpectBlockfor_Isdisplayed(self.driver, Element, Message)\n    \n      #Click on continue button\n        self.Hithere.clickOnContinueBtn(self.driver)\n        self.Hithere.clickOnContinueBtn(self.driver)\n        self.Hithere.clickOnContinueBtn(self.driver)\n       # self.Hithere.clickOnContinueBtn(self.driver)\n    \n        if os == \"iOS\":\n>         self.Hithere.ClickOnDontAllow(self.driver)\n\nTestCases/test_VerifyOnboardingPages.py:63: \n_ _ _ _ _ _ _ _ _ _ _ _ _ _ _ _ _ _ _ _ _ _ _ _ _ _ _ _ _ _ _ _ _ _ _ _ _ _ _ _ _ _ _ _ _ _ _ _ _ _ _ _ _ _ _ _ _ _ _ _ _ _ _ _ _ _ _ _ _ _ _ _ _ _ _ _ _ _ _ _ _ _ _ _ _ _ \niOS_PageObjects/iOS_HiThere_ContinuePage.py:60: in ClickOnDontAllow\n    Btn = WebDriverWait(driver, 30).until(\n_ _ _ _ _ _ _ _ _ _ _ _ _ _ _ _ _ _ _ _ _ _ _ _ _ _ _ _ _ _ _ _ _ _ _ _ _ _ _ _ _ _ _ _ _ _ _ _ _ _ _ _ _ _ _ _ _ _ _ _ _ _ _ _ _ _ _ _ _ _ _ _ _ _ _ _ _ _ _ _ _ _ _ _ _ _ \n\nself = <selenium.webdriver.support.wait.WebDriverWait (session=\"a20b1cb3-0650-4be8-9ce9-91005c597432\")>\nmethod = <function element_to_be_clickable.<locals>._predicate at 0x10b888790>, message = ''\n\n    def until(self, method, message: str = \"\"):\n        \"\"\"Calls the method provided with the driver as an argument until the \\\n        return value does not evaluate to ``False``.\n    \n        :param method: callable(WebDriver)\n        :param message: optional message for :exc:`TimeoutException`\n        :returns: the result of the last call to `method`\n        :raises: :exc:`selenium.common.exceptions.TimeoutException` if timeout occurs\n        \"\"\"\n        screen = None\n        stacktrace = None\n    \n        end_time = time.monotonic() + self._timeout\n        while True:\n            try:\n                value = method(self._driver)\n                if value:\n                    return value\n            except self._ignored_exceptions as exc:\n                screen = getattr(exc, 'screen', None)\n                stacktrace = getattr(exc, 'stacktrace', None)\n            time.sleep(self._poll)\n            if time.monotonic() > end_time:\n                break\n>       raise TimeoutException(message, screen, stacktrace)\nE       selenium.common.exceptions.TimeoutException: Message: \nE       Stacktrace:\nE       NoSuchElementError: An element could not be located on the page using the given search parameters.\nE           at XCUITestDriver.doNativeFind (/usr/local/lib/node_modules/appium/node_modules/appium-xcuitest-driver/lib/commands/find.js:130:11)\nE           at runMicrotasks (<anonymous>)\nE           at processTicksAndRejections (node:internal/process/task_queues:96:5)\nE           at XCUITestDriver.findNativeElementOrElements (/usr/local/lib/node_modules/appium/node_modules/appium-xcuitest-driver/lib/commands/find.js:90:10)\nE           at XCUITestDriver.findElOrEls (/usr/local/lib/node_modules/appium/node_modules/appium-xcuitest-driver/lib/commands/find.js:23:12)\nE           at XCUITestDriver.findElOrElsWithProcessing (/usr/local/lib/node_modules/appium/node_modules/appium-base-driver/lib/basedriver/commands/find.js:33:12)\nE           at XCUITestDriver.findElement (/usr/local/lib/node_modules/appium/node_modules/appium-base-driver/lib/basedriver/commands/find.js:53:10)\n\nvenv/lib/python3.10/site-packages/selenium/webdriver/support/wait.py:90: TimeoutException"}, "steps": [{"name": "test_VerifycontinuePages", "status": "broken", "statusDetails": {"message": "selenium.common.exceptions.TimeoutException: Message: \nStacktrace:\nNoSuchElementError: An element could not be located on the page using the given search parameters.\n    at XCUITestDriver.doNativeFind (/usr/local/lib/node_modules/appium/node_modules/appium-xcuitest-driver/lib/commands/find.js:130:11)\n    at runMicrotasks (<anonymous>)\n    at processTicksAndRejections (node:internal/process/task_queues:96:5)\n    at XCUITestDriver.findNativeElementOrElements (/usr/local/lib/node_modules/appium/node_modules/appium-xcuitest-driver/lib/commands/find.js:90:10)\n    at XCUITestDriver.findElOrEls (/usr/local/lib/node_modules/appium/node_modules/appium-xcuitest-driver/lib/commands/find.js:23:12)\n    at XCUITestDriver.findElOrElsWithProcessing (/usr/local/lib/node_modules/appium/node_modules/appium-base-driver/lib/basedriver/commands/find.js:33:12)\n    at XCUITestDriver.findElement (/usr/local/lib/node_modules/appium/node_modules/appium-base-driver/lib/basedriver/commands/find.js:53:10)\n", "trace": "  File \"/Users/macbook/PycharmProjects/RidePlanFramework/venv/lib/python3.10/site-packages/allure_commons/_allure.py\", line 172, in impl\n    return func(*a, **kw)\n  File \"/Users/macbook/PycharmProjects/RidePlanFramework/TestCases/test_VerifyOnboardingPages.py\", line 63, in test_VerifycontinuePages\n    self.Hithere.ClickOnDontAllow(self.driver)\n  File \"/Users/macbook/PycharmProjects/RidePlanFramework/venv/lib/python3.10/site-packages/allure_commons/_allure.py\", line 172, in impl\n    return func(*a, **kw)\n  File \"/Users/macbook/PycharmProjects/RidePlanFramework/iOS_PageObjects/iOS_HiThere_ContinuePage.py\", line 60, in ClickOnDontAllow\n    Btn = WebDriverWait(driver, 30).until(\n  File \"/Users/macbook/PycharmProjects/RidePlanFramework/venv/lib/python3.10/site-packages/selenium/webdriver/support/wait.py\", line 90, in until\n    raise TimeoutException(message, screen, stacktrace)\n"}, "steps": [{"name": "GetText_HiThere", "status": "passed", "parameters": [{"name": "driver", "value": "<appium.webdriver.webdriver.WebDriver (session=\"a20b1cb3-0650-4be8-9ce9-91005c597432\")>"}], "start": 1661338974903, "stop": 1661338975459}, {"name": "TryExpectBlockfor_TextMatch", "status": "passed", "parameters": [{"name": "driver", "value": "<appium.webdriver.webdriver.WebDriver (session=\"a20b1cb3-0650-4be8-9ce9-91005c597432\")>"}, {"name": "Actual_Result", "value": "'Hi there!'"}, {"name": "Expected_Result", "value": "'Hi there!'"}], "start": 1661338975459, "stop": 1661338975460}, {"name": "IsDisplayed_BikeRideText", "status": "passed", "parameters": [{"name": "driver", "value": "<appium.webdriver.webdriver.WebDriver (session=\"a20b1cb3-0650-4be8-9ce9-91005c597432\")>"}], "start": 1661338975460, "stop": 1661338975996}, {"name": "TryExpectBlockfor_Isdisplayed", "status": "passed", "parameters": [{"name": "driver", "value": "<appium.webdriver.webdriver.WebDriver (session=\"a20b1cb3-0650-4be8-9ce9-91005c597432\")>"}, {"name": "Element", "value": "True"}, {"name": "Message", "value": "'Verify Bike ride Text '"}], "start": 1661338975996, "stop": 1661338975996}, {"name": "clickOnContinueBtn", "status": "passed", "parameters": [{"name": "driver", "value": "<appium.webdriver.webdriver.WebDriver (session=\"a20b1cb3-0650-4be8-9ce9-91005c597432\")>"}], "start": 1661338975996, "stop": 1661338976756}, {"name": "clickOnContinueBtn", "status": "passed", "parameters": [{"name": "driver", "value": "<appium.webdriver.webdriver.WebDriver (session=\"a20b1cb3-0650-4be8-9ce9-91005c597432\")>"}], "start": 1661338976756, "stop": 1661338980009}, {"name": "clickOnContinueBtn", "status": "passed", "parameters": [{"name": "driver", "value": "<appium.webdriver.webdriver.WebDriver (session=\"a20b1cb3-0650-4be8-9ce9-91005c597432\")>"}], "start": 1661338980009, "stop": 1661338982438}, {"name": "ClickOnDontAllow", "status": "broken", "statusDetails": {"message": "selenium.common.exceptions.TimeoutException: Message: \nStacktrace:\nNoSuchElementError: An element could not be located on the page using the given search parameters.\n    at XCUITestDriver.doNativeFind (/usr/local/lib/node_modules/appium/node_modules/appium-xcuitest-driver/lib/commands/find.js:130:11)\n    at runMicrotasks (<anonymous>)\n    at processTicksAndRejections (node:internal/process/task_queues:96:5)\n    at XCUITestDriver.findNativeElementOrElements (/usr/local/lib/node_modules/appium/node_modules/appium-xcuitest-driver/lib/commands/find.js:90:10)\n    at XCUITestDriver.findElOrEls (/usr/local/lib/node_modules/appium/node_modules/appium-xcuitest-driver/lib/commands/find.js:23:12)\n    at XCUITestDriver.findElOrElsWithProcessing (/usr/local/lib/node_modules/appium/node_modules/appium-base-driver/lib/basedriver/commands/find.js:33:12)\n    at XCUITestDriver.findElement (/usr/local/lib/node_modules/appium/node_modules/appium-base-driver/lib/basedriver/commands/find.js:53:10)\n", "trace": "  File \"/Users/macbook/PycharmProjects/RidePlanFramework/venv/lib/python3.10/site-packages/allure_commons/_allure.py\", line 172, in impl\n    return func(*a, **kw)\n  File \"/Users/macbook/PycharmProjects/RidePlanFramework/iOS_PageObjects/iOS_HiThere_ContinuePage.py\", line 60, in ClickOnDontAllow\n    Btn = WebDriverWait(driver, 30).until(\n  File \"/Users/macbook/PycharmProjects/RidePlanFramework/venv/lib/python3.10/site-packages/selenium/webdriver/support/wait.py\", line 90, in until\n    raise TimeoutException(message, screen, stacktrace)\n"}, "parameters": [{"name": "driver", "value": "<appium.webdriver.webdriver.WebDriver (session=\"a20b1cb3-0650-4be8-9ce9-91005c597432\")>"}], "start": 1661338982438, "stop": 1661339012542}], "parameters": [{"name": "setup", "value": "<appium.webdriver.webdriver.WebDriver (session=\"a20b1cb3-0650-4be8-9ce9-91005c597432\")>"}, {"name": "os", "value": "'iOS'"}], "start": 1661338964883, "stop": 1661339012545}], "attachments": [{"name": "log", "source": "29833126-d21f-4eec-b6e5-7a392bdf6f23-attachment.txt", "type": "text/plain"}, {"name": "stdout", "source": "f15e59b6-bc5f-44c5-b1d7-312cf9dca552-attachment.txt", "type": "text/plain"}, {"name": "stderr", "source": "7d328234-cd53-49bf-8712-1480a4692bc7-attachment.txt", "type": "text/plain"}], "start": 1661338964882, "stop": 1661339012547, "uuid": "d8223f35-fdc2-4e46-8365-e4fe9ac581ad", "historyId": "1bcce9a7585e171c3aebaed63aeeb732", "testCaseId": "28b743ae14705f1ea5d98ed8925588e9", "fullName": "test_VerifyOnboardingPages.Test_001_VerifyStartingPages#test_VerifycontinuePages", "labels": [{"name": "suite", "value": "test_VerifyOnboardingPages"}, {"name": "subSuite", "value": "Test_001_VerifyStartingPages"}, {"name": "host", "value": "Macbooks-MacBook-Pro.local"}, {"name": "thread", "value": "12688-MainThread"}, {"name": "framework", "value": "pytest"}, {"name": "language", "value": "cpython3"}, {"name": "package", "value": "test_VerifyOnboardingPages"}]}